{
  "RSpec": {
    "coverage": {
      "/home/geovane/Faculdade/POOII/exercicios/minesweeper/lib/field.rb": [
        1,
        null,
        1,
        23,
        21,
        21,
        21,
        52,
        null,
        null,
        null,
        1,
        2,
        null,
        null,
        1,
        20,
        null,
        null,
        1,
        9,
        null,
        null,
        1,
        9,
        18,
        36,
        null,
        null,
        null,
        null,
        1,
        14,
        14,
        42,
        126,
        126,
        112,
        84,
        65,
        null,
        null,
        14,
        null,
        null,
        1,
        30,
        null,
        null,
        1,
        8,
        8,
        null,
        32,
        5,
        null,
        15,
        null,
        null,
        null,
        null,
        1,
        1,
        8,
        16,
        32,
        null,
        null,
        null,
        null,
        null,
        1,
        6,
        36,
        12,
        6,
        6,
        10,
        18,
        null,
        null,
        6,
        6,
        null,
        null,
        null,
        1
      ],
      "/home/geovane/Faculdade/POOII/exercicios/minesweeper/spec/io_spec.rb": [
        1,
        null,
        1,
        null,
        1,
        null,
        6,
        6,
        6,
        null,
        null,
        1,
        1,
        1,
        1,
        null,
        null,
        1,
        1,
        1,
        1,
        null,
        null,
        1,
        1,
        1,
        1,
        1,
        null,
        null,
        1,
        1,
        null,
        1,
        1,
        null,
        1,
        null,
        null,
        1,
        1,
        1,
        1,
        null,
        null,
        1,
        1,
        null,
        1,
        1,
        null,
        null,
        null
      ]
    },
    "timestamp": 1320018872
  }
}
