{
  "RSpec": {
    "coverage": {
      "/home/geovane/Faculdade/POOII/exercicios/minesweeper/lib/field.rb": [
        1,
        1,
        null,
        1,
        1,
        1,
        1,
        1,
        4,
        null,
        null,
        null,
        1,
        0,
        null,
        null,
        1,
        0,
        null,
        null,
        1,
        0,
        null,
        null,
        1,
        0,
        0,
        0,
        null,
        null,
        null,
        null,
        1,
        0,
        0,
        0,
        0,
        0,
        0,
        0,
        0,
        null,
        null,
        0,
        null,
        null,
        1,
        0,
        null,
        null,
        1,
        0,
        0,
        0,
        0,
        0,
        null,
        null,
        null,
        null,
        1,
        1,
        0,
        0,
        0,
        null,
        null,
        null,
        null,
        null,
        1,
        0,
        0,
        0,
        0,
        0,
        0,
        0,
        null,
        null,
        0,
        0,
        null,
        null,
        null,
        1
      ],
      "/home/geovane/Faculdade/POOII/exercicios/minesweeper/lib/interface.rb": [
        1,
        1,
        1,
        null,
        1,
        null,
        null,
        1,
        1,
        4,
        16,
        null,
        4,
        null,
        null,
        null,
        null,
        null
      ]
    },
    "timestamp": 1320025630
  }
}
